<?xml version="1.0" encoding="UTF-8"?>
<!-- Generated by org.testng.reporters.JUnitReportReporter -->
<testsuite hostname="PRO-CALVI-RAJESHM" failures="0" tests="1" name="com.driessen.Application.Test.AlertHandling" time="16.409" errors="0" timestamp="17 Aug 2018 11:57:26 GMT" skipped="0">
  <testcase classname="com.driessen.Application.Test.AlertHandling" name="testAlert" time="16.409"/>
</testsuite> <!-- com.driessen.Application.Test.AlertHandling -->
