<?xml version="1.0" encoding="UTF-8"?>
<!-- Generated by org.testng.reporters.JUnitReportReporter -->
<testsuite hostname="PRO-CALVI-RAJESHM" failures="0" tests="2" name="com.driessen.Application.Test.Annotations" time="0.007" errors="0" timestamp="23 May 2018 13:37:42 GMT" skipped="0">
  <testcase classname="com.driessen.Application.Test.Annotations" name="testsetup2" time="0.003"/>
  <testcase classname="com.driessen.Application.Test.Annotations" name="testsetup1" time="0.004"/>
</testsuite> <!-- com.driessen.Application.Test.Annotations -->
