<?xml version="1.0" encoding="UTF-8"?>
<!-- Generated by org.testng.reporters.JUnitReportReporter -->
<testsuite hostname="PRO-CALVI-RAJESHM" failures="0" tests="2" name="com.driessen.Application.Driessen.Application.Annotations" time="0.006" errors="0" timestamp="21 Feb 2018 13:23:21 GMT" skipped="0">
  <testcase classname="com.driessen.Application.Driessen.Application.Annotations" name="testsetup1" time="0.005"/>
  <testcase classname="com.driessen.Application.Driessen.Application.Annotations" name="testsetup2" time="0.001"/>
</testsuite> <!-- com.driessen.Application.Driessen.Application.Annotations -->
